0 info it worked if it ends with ok
1 verbose cli [ '/usr/local/bin/node',
1 verbose cli   '/usr/local/bin/npm',
1 verbose cli   'install',
1 verbose cli   '-g',
1 verbose cli   'bower@',
1 verbose cli   '1.8.0' ]
2 info using npm@3.10.10
3 info using node@v7.3.0
4 silly loadCurrentTree Starting
5 silly install loadCurrentTree
6 silly install readGlobalPackageData
7 silly fetchPackageMetaData bower@
8 silly fetchPackageMetaData 1.8.0
9 silly fetchNamedPackageData bower
10 silly mapToRegistry name bower
11 silly mapToRegistry using default registry
12 silly mapToRegistry registry https://registry.npmjs.org/
13 silly mapToRegistry data Result {
13 silly mapToRegistry   raw: 'bower',
13 silly mapToRegistry   scope: null,
13 silly mapToRegistry   escapedName: 'bower',
13 silly mapToRegistry   name: 'bower',
13 silly mapToRegistry   rawSpec: '',
13 silly mapToRegistry   spec: 'latest',
13 silly mapToRegistry   type: 'tag' }
14 silly mapToRegistry uri https://registry.npmjs.org/bower
15 silly fetchNamedPackageData 1.8.0
16 silly mapToRegistry name 1.8.0
17 silly mapToRegistry using default registry
18 silly mapToRegistry registry https://registry.npmjs.org/
19 silly mapToRegistry data Result {
19 silly mapToRegistry   raw: '1.8.0',
19 silly mapToRegistry   scope: null,
19 silly mapToRegistry   escapedName: '1.8.0',
19 silly mapToRegistry   name: '1.8.0',
19 silly mapToRegistry   rawSpec: '',
19 silly mapToRegistry   spec: 'latest',
19 silly mapToRegistry   type: 'tag' }
20 silly mapToRegistry uri https://registry.npmjs.org/1.8.0
21 verbose request uri https://registry.npmjs.org/1.8.0
22 verbose request no auth needed
23 info attempt registry request try #1 at 12:54:52
24 verbose request id a000fb618e2a744a
25 http request GET https://registry.npmjs.org/1.8.0
26 verbose request uri https://registry.npmjs.org/bower
27 verbose request no auth needed
28 info attempt registry request try #1 at 12:54:52
29 http request GET https://registry.npmjs.org/bower
30 http 200 https://registry.npmjs.org/bower
31 verbose headers { 'content-type': 'application/json; charset=UTF-8',
31 verbose headers   server: 'UploadServer',
31 verbose headers   'cache-control': 'max-age=300',
31 verbose headers   'last-modified': 'Wed, 28 Mar 2018 19:05:57 GMT',
31 verbose headers   etag: '"5abbe795-36a1c"',
31 verbose headers   'x-npm-region': 'EU-West',
31 verbose headers   'content-encoding': 'gzip',
31 verbose headers   'content-length': '18724',
31 verbose headers   'accept-ranges': 'bytes',
31 verbose headers   date: 'Sat, 07 Apr 2018 11:54:56 GMT',
31 verbose headers   via: '1.1 varnish',
31 verbose headers   age: '10291',
31 verbose headers   connection: 'keep-alive',
31 verbose headers   'x-served-by': 'cache-cdg8730-CDG',
31 verbose headers   'x-cache': 'HIT',
31 verbose headers   'x-cache-hits': '6',
31 verbose headers   'x-timer': 'S1523102097.640769,VS0,VE0',
31 verbose headers   vary: 'Accept-Encoding, Accept' }
32 silly get cb [ 200,
32 silly get   { 'content-type': 'application/json; charset=UTF-8',
32 silly get     server: 'UploadServer',
32 silly get     'cache-control': 'max-age=300',
32 silly get     'last-modified': 'Wed, 28 Mar 2018 19:05:57 GMT',
32 silly get     etag: '"5abbe795-36a1c"',
32 silly get     'x-npm-region': 'EU-West',
32 silly get     'content-encoding': 'gzip',
32 silly get     'content-length': '18724',
32 silly get     'accept-ranges': 'bytes',
32 silly get     date: 'Sat, 07 Apr 2018 11:54:56 GMT',
32 silly get     via: '1.1 varnish',
32 silly get     age: '10291',
32 silly get     connection: 'keep-alive',
32 silly get     'x-served-by': 'cache-cdg8730-CDG',
32 silly get     'x-cache': 'HIT',
32 silly get     'x-cache-hits': '6',
32 silly get     'x-timer': 'S1523102097.640769,VS0,VE0',
32 silly get     vary: 'Accept-Encoding, Accept' } ]
33 verbose get saving bower to /Users/houssine/.npm/registry.npmjs.org/bower/.cache.json
34 verbose correctMkdir /Users/houssine/.npm correctMkdir not in flight; initializing
35 http 404 https://registry.npmjs.org/1.8.0
36 verbose headers { 'content-type': 'application/json',
36 verbose headers   'cache-control': 'max-age=0',
36 verbose headers   'content-length': '2',
36 verbose headers   'accept-ranges': 'bytes',
36 verbose headers   date: 'Sat, 07 Apr 2018 11:54:58 GMT',
36 verbose headers   via: '1.1 varnish',
36 verbose headers   connection: 'keep-alive',
36 verbose headers   'x-served-by': 'cache-cdg8725-CDG',
36 verbose headers   'x-cache': 'MISS',
36 verbose headers   'x-cache-hits': '0',
36 verbose headers   'x-timer': 'S1523102097.840765,VS0,VE1188',
36 verbose headers   vary: 'Accept-Encoding' }
37 silly get cb [ 404,
37 silly get   { 'content-type': 'application/json',
37 silly get     'cache-control': 'max-age=0',
37 silly get     'content-length': '2',
37 silly get     'accept-ranges': 'bytes',
37 silly get     date: 'Sat, 07 Apr 2018 11:54:58 GMT',
37 silly get     via: '1.1 varnish',
37 silly get     connection: 'keep-alive',
37 silly get     'x-served-by': 'cache-cdg8725-CDG',
37 silly get     'x-cache': 'MISS',
37 silly get     'x-cache-hits': '0',
37 silly get     'x-timer': 'S1523102097.840765,VS0,VE1188',
37 silly get     vary: 'Accept-Encoding' } ]
38 silly fetchPackageMetaData Error: Registry returned 404 for GET on https://registry.npmjs.org/1.8.0
38 silly fetchPackageMetaData     at makeError (/usr/local/lib/node_modules/npm/node_modules/npm-registry-client/lib/request.js:302:12)
38 silly fetchPackageMetaData     at CachingRegistryClient.<anonymous> (/usr/local/lib/node_modules/npm/node_modules/npm-registry-client/lib/request.js:280:14)
38 silly fetchPackageMetaData     at Request._callback (/usr/local/lib/node_modules/npm/node_modules/npm-registry-client/lib/request.js:210:14)
38 silly fetchPackageMetaData     at Request.self.callback (/usr/local/lib/node_modules/npm/node_modules/request/request.js:187:22)
38 silly fetchPackageMetaData     at emitTwo (events.js:106:13)
38 silly fetchPackageMetaData     at Request.emit (events.js:191:7)
38 silly fetchPackageMetaData     at Request.<anonymous> (/usr/local/lib/node_modules/npm/node_modules/request/request.js:1048:10)
38 silly fetchPackageMetaData     at emitOne (events.js:96:13)
38 silly fetchPackageMetaData     at Request.emit (events.js:188:7)
38 silly fetchPackageMetaData     at IncomingMessage.<anonymous> (/usr/local/lib/node_modules/npm/node_modules/request/request.js:969:12)
38 silly fetchPackageMetaData  error for 1.8.0 { Error: Registry returned 404 for GET on https://registry.npmjs.org/1.8.0
38 silly fetchPackageMetaData     at makeError (/usr/local/lib/node_modules/npm/node_modules/npm-registry-client/lib/request.js:302:12)
38 silly fetchPackageMetaData     at CachingRegistryClient.<anonymous> (/usr/local/lib/node_modules/npm/node_modules/npm-registry-client/lib/request.js:280:14)
38 silly fetchPackageMetaData     at Request._callback (/usr/local/lib/node_modules/npm/node_modules/npm-registry-client/lib/request.js:210:14)
38 silly fetchPackageMetaData     at Request.self.callback (/usr/local/lib/node_modules/npm/node_modules/request/request.js:187:22)
38 silly fetchPackageMetaData     at emitTwo (events.js:106:13)
38 silly fetchPackageMetaData     at Request.emit (events.js:191:7)
38 silly fetchPackageMetaData     at Request.<anonymous> (/usr/local/lib/node_modules/npm/node_modules/request/request.js:1048:10)
38 silly fetchPackageMetaData     at emitOne (events.js:96:13)
38 silly fetchPackageMetaData     at Request.emit (events.js:188:7)
38 silly fetchPackageMetaData     at IncomingMessage.<anonymous> (/usr/local/lib/node_modules/npm/node_modules/request/request.js:969:12) pkgid: '1.8.0', statusCode: 404, code: 'E404' }
39 silly rollbackFailedOptional Starting
40 silly rollbackFailedOptional Finishing
41 silly runTopLevelLifecycles Finishing
42 silly install printInstalled
43 verbose stack Error: Registry returned 404 for GET on https://registry.npmjs.org/1.8.0
43 verbose stack     at makeError (/usr/local/lib/node_modules/npm/node_modules/npm-registry-client/lib/request.js:302:12)
43 verbose stack     at CachingRegistryClient.<anonymous> (/usr/local/lib/node_modules/npm/node_modules/npm-registry-client/lib/request.js:280:14)
43 verbose stack     at Request._callback (/usr/local/lib/node_modules/npm/node_modules/npm-registry-client/lib/request.js:210:14)
43 verbose stack     at Request.self.callback (/usr/local/lib/node_modules/npm/node_modules/request/request.js:187:22)
43 verbose stack     at emitTwo (events.js:106:13)
43 verbose stack     at Request.emit (events.js:191:7)
43 verbose stack     at Request.<anonymous> (/usr/local/lib/node_modules/npm/node_modules/request/request.js:1048:10)
43 verbose stack     at emitOne (events.js:96:13)
43 verbose stack     at Request.emit (events.js:188:7)
43 verbose stack     at IncomingMessage.<anonymous> (/usr/local/lib/node_modules/npm/node_modules/request/request.js:969:12)
44 verbose statusCode 404
45 verbose pkgid 1.8.0
46 verbose cwd /Users/houssine/Desktop/DotNetCore/SimpleBankSystem
47 error Darwin 16.7.0
48 error argv "/usr/local/bin/node" "/usr/local/bin/npm" "install" "-g" "bower@" "1.8.0"
49 error node v7.3.0
50 error npm  v3.10.10
51 error code E404
52 error 404 Registry returned 404 for GET on https://registry.npmjs.org/1.8.0
53 error 404
54 error 404 '1.8.0' is not in the npm registry.
55 error 404 You should bug the author to publish it (or use the name yourself!)
56 error 404 Note that you can also install from a
57 error 404 tarball, folder, http url, or git url.
58 verbose exit [ 1, true ]
